[16-Nov-2023 15:49:01 UTC] PHP Parse error:  syntax error, unexpected single-quoted string "Secondary", expecting ")" in C:\Users\User\Local Sites\gpj\app\public\wp-content\themes\gpjtheme\functions.php on line 53
[16-Nov-2023 15:49:01 UTC] PHP Warning:  Trying to access array offset on value of type bool in C:\Users\User\Local Sites\gpj\app\public\wp-includes\class-wp-recovery-mode-email-service.php on line 367
[16-Nov-2023 15:49:01 UTC] PHP Warning:  Trying to access array offset on value of type bool in C:\Users\User\Local Sites\gpj\app\public\wp-includes\class-wp-recovery-mode-email-service.php on line 368
[16-Nov-2023 15:51:02 UTC] PHP Parse error:  syntax error, unexpected single-quoted string ", ", expecting ")" in C:\Users\User\Local Sites\gpj\app\public\wp-content\themes\gpjtheme\functions.php on line 53
[16-Nov-2023 15:53:03 UTC] PHP Parse error:  syntax error, unexpected single-quoted string ", ", expecting ")" in C:\Users\User\Local Sites\gpj\app\public\wp-content\themes\gpjtheme\functions.php on line 53
[16-Nov-2023 16:04:03 UTC] PHP Parse error:  syntax error, unexpected single-quoted string ", ", expecting ")" in C:\Users\User\Local Sites\gpj\app\public\wp-content\themes\gpjtheme\functions.php on line 53
[16-Nov-2023 16:04:06 UTC] PHP Parse error:  syntax error, unexpected single-quoted string ", ", expecting ")" in C:\Users\User\Local Sites\gpj\app\public\wp-content\themes\gpjtheme\functions.php on line 53
[16-Nov-2023 16:04:06 UTC] PHP Parse error:  syntax error, unexpected single-quoted string ", ", expecting ")" in C:\Users\User\Local Sites\gpj\app\public\wp-content\themes\gpjtheme\functions.php on line 53
[16-Nov-2023 16:04:08 UTC] PHP Parse error:  syntax error, unexpected single-quoted string ", ", expecting ")" in C:\Users\User\Local Sites\gpj\app\public\wp-content\themes\gpjtheme\functions.php on line 53
[16-Nov-2023 16:04:08 UTC] PHP Parse error:  syntax error, unexpected single-quoted string ", ", expecting ")" in C:\Users\User\Local Sites\gpj\app\public\wp-content\themes\gpjtheme\functions.php on line 53
[16-Nov-2023 16:04:14 UTC] PHP Parse error:  syntax error, unexpected single-quoted string ", ", expecting ")" in C:\Users\User\Local Sites\gpj\app\public\wp-content\themes\gpjtheme\functions.php on line 53
[16-Nov-2023 16:04:14 UTC] PHP Parse error:  syntax error, unexpected single-quoted string ", ", expecting ")" in C:\Users\User\Local Sites\gpj\app\public\wp-content\themes\gpjtheme\functions.php on line 53
[16-Nov-2023 16:04:15 UTC] PHP Parse error:  syntax error, unexpected single-quoted string ", ", expecting ")" in C:\Users\User\Local Sites\gpj\app\public\wp-content\themes\gpjtheme\functions.php on line 53
[16-Nov-2023 16:04:15 UTC] PHP Parse error:  syntax error, unexpected single-quoted string ", ", expecting ")" in C:\Users\User\Local Sites\gpj\app\public\wp-content\themes\gpjtheme\functions.php on line 53
[16-Nov-2023 16:04:15 UTC] PHP Parse error:  syntax error, unexpected single-quoted string ", ", expecting ")" in C:\Users\User\Local Sites\gpj\app\public\wp-content\themes\gpjtheme\functions.php on line 53
[16-Nov-2023 16:04:15 UTC] PHP Parse error:  syntax error, unexpected single-quoted string ", ", expecting ")" in C:\Users\User\Local Sites\gpj\app\public\wp-content\themes\gpjtheme\functions.php on line 53
[16-Nov-2023 16:09:32 UTC] PHP Parse error:  syntax error, unexpected token "<", expecting end of file in C:\Users\User\Local Sites\gpj\app\public\wp-content\themes\gpjtheme\header.php on line 35
[16-Nov-2023 21:06:30 UTC] PHP Parse error:  syntax error, unexpected identifier "print_r", expecting "," or ";" in C:\Users\User\Local Sites\gpj\app\public\wp-content\themes\gpjtheme\front-page.php on line 5
[16-Nov-2023 21:06:30 UTC] PHP Parse error:  syntax error, unexpected identifier "print_r", expecting "," or ";" in C:\Users\User\Local Sites\gpj\app\public\wp-content\themes\gpjtheme\front-page.php on line 5
[16-Nov-2023 21:09:28 UTC] PHP Parse error:  syntax error, unexpected identifier "print_r" in C:\Users\User\Local Sites\gpj\app\public\wp-content\themes\gpjtheme\front-page.php on line 9
[16-Nov-2023 21:39:45 UTC] PHP Parse error:  syntax error, unexpected string content "/assets/images/vector.svg?>" a..." in C:\Users\User\Local Sites\gpj\app\public\wp-content\themes\gpjtheme\front-page.php on line 29
[16-Nov-2023 21:40:46 UTC] PHP Parse error:  syntax error, unexpected token "/", expecting end of file in C:\Users\User\Local Sites\gpj\app\public\wp-content\themes\gpjtheme\front-page.php on line 29
[16-Nov-2023 21:40:47 UTC] PHP Parse error:  syntax error, unexpected token "/", expecting end of file in C:\Users\User\Local Sites\gpj\app\public\wp-content\themes\gpjtheme\front-page.php on line 29
[16-Nov-2023 21:40:47 UTC] PHP Parse error:  syntax error, unexpected token "/", expecting end of file in C:\Users\User\Local Sites\gpj\app\public\wp-content\themes\gpjtheme\front-page.php on line 29
[17-Nov-2023 12:55:10 UTC] PHP Parse error:  syntax error, unexpected identifier "get_header" in C:\Users\User\Local Sites\gpj\app\public\wp-content\themes\gpjtheme\front-page.php on line 9
[17-Nov-2023 13:00:32 UTC] PHP Parse error:  syntax error, unexpected token ";", expecting ")" in C:\Users\User\Local Sites\gpj\app\public\wp-content\themes\gpjtheme\front-page.php on line 8
[17-Nov-2023 13:11:41 UTC] PHP Warning:  Trying to access array offset on value of type null in C:\Users\User\Local Sites\gpj\app\public\wp-content\themes\gpjtheme\front-page.php on line 9
[17-Nov-2023 13:11:41 UTC] PHP Warning:  Trying to access array offset on value of type null in C:\Users\User\Local Sites\gpj\app\public\wp-content\themes\gpjtheme\front-page.php on line 10
[17-Nov-2023 13:11:42 UTC] PHP Warning:  Trying to access array offset on value of type null in C:\Users\User\Local Sites\gpj\app\public\wp-content\themes\gpjtheme\front-page.php on line 9
[17-Nov-2023 13:11:42 UTC] PHP Warning:  Trying to access array offset on value of type null in C:\Users\User\Local Sites\gpj\app\public\wp-content\themes\gpjtheme\front-page.php on line 10
[17-Nov-2023 13:12:39 UTC] PHP Warning:  Trying to access array offset on value of type null in C:\Users\User\Local Sites\gpj\app\public\wp-content\themes\gpjtheme\front-page.php on line 9
[17-Nov-2023 13:12:39 UTC] PHP Warning:  Trying to access array offset on value of type null in C:\Users\User\Local Sites\gpj\app\public\wp-content\themes\gpjtheme\front-page.php on line 10
